[     675ms] [WARNING] Allow attribute will take precedence over 'allowfullscreen'. @ https://talkdeskchatsdk.talkdeskapp.com/v2/talkdeskchatsdk.js:0
[    1685ms] [ERROR] Access to XMLHttpRequest at 'https://endpoints-dot-acsi-prod.appspot.com/_ah/api/acsiGoogleCloudServicesApi/v1/getIndexedBookingProfile/GA1.1.1245344114.1773769524?key=AIzaSyDS7zsBJFrwg_xisOGYTfp2qBpHA8vO5_Y' from origin 'https://www.eurocampings.nl' has been blocked by CORS policy: No 'Access-Control-Allow-Origin' header is present on the requested resource. @ https://www.eurocampings.nl/search/specific/?query=Camping%20de%20la%20Rivi%C3%A8re%20de%20Prats%2044.82%200.06:0
[    1688ms] [ERROR] Failed to load resource: net::ERR_FAILED @ https://endpoints-dot-acsi-prod.appspot.com/_ah/api/acsiGoogleCloudServicesApi/v1/getIndexedBookingProfile/GA1.1.1245344114.1773769524?key=AIzaSyDS7zsBJFrwg_xisOGYTfp2qBpHA8vO5_Y:0
[    2204ms] [ERROR] Failed to load resource: net::ERR_CACHE_OPERATION_NOT_SUPPORTED @ https://talkdeskchatsdk.talkdeskapp.com/v2/widget/2.0.48/assets/receive_message-DYKPA011.mp3:0
[    3297ms] [WARNING] [Meta Pixel] - Missing event name. Track events must be logged with an event name fbq("track", eventName) @ https://www.eurocampings.nl/search/specific/?query=Camping%20de%20la%20Rivi%C3%A8re%20de%20Prats%2044.82%200.06:15
[    5379ms] [ERROR] Mixed Content: The page at 'https://www.eurocampings.nl/campsite/search/q/place:177861/' was loaded over HTTPS, but requested an insecure resource 'http://www.eurocampings.nl/portugal/?_rsc=i1ube'. This request has been blocked; the content must be served over HTTPS. @ https://www.eurocampings.nl/campsite/search/q/place:177861/:0
[    5381ms] [ERROR] Failed to fetch RSC payload for https://www.eurocampings.nl/portugal. Falling back to browser navigation. TypeError: Failed to fetch
    at y (https://cdn.acsi.eu/_next/static/chunks/1684-21e86d4c0821dce9.js:1:142389)
    at h (https://cdn.acsi.eu/_next/static/chunks/1684-21e86d4c0821dce9.js:1:141312)
    at https://cdn.acsi.eu/_next/static/chunks/1684-21e86d4c0821dce9.js:1:41367
    at Object.u [as task] (https://cdn.acsi.eu/_next/static/chunks/1684-21e86d4c0821dce9.js:1:127412)
    at c.s (https://cdn.acsi.eu/_next/static/chunks/1684-21e86d4c0821dce9.js:1:128117)
    at c.enqueue (https://cdn.acsi.eu/_next/static/chunks/1684-21e86d4c0821dce9.js:1:127542)
    at s (https://cdn.acsi.eu/_next/static/chunks/1684-21e86d4c0821dce9.js:1:41330)
    at i (https://cdn.acsi.eu/_next/static/chunks/1684-21e86d4c0821dce9.js:1:40846)
    at l (https://cdn.acsi.eu/_next/static/chunks/1684-21e86d4c0821dce9.js:1:143284)
    at Object.prefetch (https://cdn.acsi.eu/_next/static/chunks/1684-21e86d4c0821dce9.js:1:9818)
    at https://cdn.acsi.eu/_next/static/chunks/1684-21e86d4c0821dce9.js:1:28720
    at O (https://cdn.acsi.eu/_next/static/chunks/1684-21e86d4c0821dce9.js:1:28759)
    at m (https://cdn.acsi.eu/_next/static/chunks/1684-21e86d4c0821dce9.js:1:28501)
    at IntersectionObserver.rootMargin (https://cdn.acsi.eu/_next/static/chunks/1684-21e86d4c0821dce9.js:1:27420) @ https://cdn.acsi.eu/_next/static/chunks/1684-21e86d4c0821dce9.js:0
[    5382ms] [ERROR] Mixed Content: The page at 'https://www.eurocampings.nl/campsite/search/q/place:177861/' was loaded over HTTPS, but requested an insecure resource 'http://www.eurocampings.nl/italie/?_rsc=i1ube'. This request has been blocked; the content must be served over HTTPS. @ https://www.eurocampings.nl/campsite/search/q/place:177861/:0
[    5383ms] [ERROR] Failed to fetch RSC payload for https://www.eurocampings.nl/italie. Falling back to browser navigation. TypeError: Failed to fetch
    at y (https://cdn.acsi.eu/_next/static/chunks/1684-21e86d4c0821dce9.js:1:142389)
    at h (https://cdn.acsi.eu/_next/static/chunks/1684-21e86d4c0821dce9.js:1:141312)
    at https://cdn.acsi.eu/_next/static/chunks/1684-21e86d4c0821dce9.js:1:41367
    at Object.u [as task] (https://cdn.acsi.eu/_next/static/chunks/1684-21e86d4c0821dce9.js:1:127412)
    at c.s (https://cdn.acsi.eu/_next/static/chunks/1684-21e86d4c0821dce9.js:1:128117)
    at c.enqueue (https://cdn.acsi.eu/_next/static/chunks/1684-21e86d4c0821dce9.js:1:127542)
    at s (https://cdn.acsi.eu/_next/static/chunks/1684-21e86d4c0821dce9.js:1:41330)
    at i (https://cdn.acsi.eu/_next/static/chunks/1684-21e86d4c0821dce9.js:1:40846)
    at l (https://cdn.acsi.eu/_next/static/chunks/1684-21e86d4c0821dce9.js:1:143284)
    at Object.prefetch (https://cdn.acsi.eu/_next/static/chunks/1684-21e86d4c0821dce9.js:1:9818)
    at https://cdn.acsi.eu/_next/static/chunks/1684-21e86d4c0821dce9.js:1:28720
    at O (https://cdn.acsi.eu/_next/static/chunks/1684-21e86d4c0821dce9.js:1:28759)
    at m (https://cdn.acsi.eu/_next/static/chunks/1684-21e86d4c0821dce9.js:1:28501)
    at IntersectionObserver.rootMargin (https://cdn.acsi.eu/_next/static/chunks/1684-21e86d4c0821dce9.js:1:27420) @ https://cdn.acsi.eu/_next/static/chunks/1684-21e86d4c0821dce9.js:0
[    5384ms] [ERROR] Mixed Content: The page at 'https://www.eurocampings.nl/campsite/search/q/place:177861/' was loaded over HTTPS, but requested an insecure resource 'http://www.eurocampings.nl/spanje/?_rsc=i1ube'. This request has been blocked; the content must be served over HTTPS. @ https://www.eurocampings.nl/campsite/search/q/place:177861/:0
[    5384ms] [ERROR] Failed to fetch RSC payload for https://www.eurocampings.nl/spanje. Falling back to browser navigation. TypeError: Failed to fetch
    at y (https://cdn.acsi.eu/_next/static/chunks/1684-21e86d4c0821dce9.js:1:142389)
    at h (https://cdn.acsi.eu/_next/static/chunks/1684-21e86d4c0821dce9.js:1:141312)
    at https://cdn.acsi.eu/_next/static/chunks/1684-21e86d4c0821dce9.js:1:41367
    at Object.u [as task] (https://cdn.acsi.eu/_next/static/chunks/1684-21e86d4c0821dce9.js:1:127412)
    at c.s (https://cdn.acsi.eu/_next/static/chunks/1684-21e86d4c0821dce9.js:1:128117)
    at c.enqueue (https://cdn.acsi.eu/_next/static/chunks/1684-21e86d4c0821dce9.js:1:127542)
    at s (https://cdn.acsi.eu/_next/static/chunks/1684-21e86d4c0821dce9.js:1:41330)
    at i (https://cdn.acsi.eu/_next/static/chunks/1684-21e86d4c0821dce9.js:1:40846)
    at l (https://cdn.acsi.eu/_next/static/chunks/1684-21e86d4c0821dce9.js:1:143284)
    at Object.prefetch (https://cdn.acsi.eu/_next/static/chunks/1684-21e86d4c0821dce9.js:1:9818)
    at https://cdn.acsi.eu/_next/static/chunks/1684-21e86d4c0821dce9.js:1:28720
    at O (https://cdn.acsi.eu/_next/static/chunks/1684-21e86d4c0821dce9.js:1:28759)
    at m (https://cdn.acsi.eu/_next/static/chunks/1684-21e86d4c0821dce9.js:1:28501)
    at IntersectionObserver.rootMargin (https://cdn.acsi.eu/_next/static/chunks/1684-21e86d4c0821dce9.js:1:27420) @ https://cdn.acsi.eu/_next/static/chunks/1684-21e86d4c0821dce9.js:0
[    5385ms] [ERROR] Mixed Content: The page at 'https://www.eurocampings.nl/campsite/search/q/place:177861/' was loaded over HTTPS, but requested an insecure resource 'http://www.eurocampings.nl/frankrijk/?_rsc=i1ube'. This request has been blocked; the content must be served over HTTPS. @ https://www.eurocampings.nl/campsite/search/q/place:177861/:0
[    5385ms] [ERROR] Failed to fetch RSC payload for https://www.eurocampings.nl/frankrijk. Falling back to browser navigation. TypeError: Failed to fetch
    at y (https://cdn.acsi.eu/_next/static/chunks/1684-21e86d4c0821dce9.js:1:142389)
    at h (https://cdn.acsi.eu/_next/static/chunks/1684-21e86d4c0821dce9.js:1:141312)
    at https://cdn.acsi.eu/_next/static/chunks/1684-21e86d4c0821dce9.js:1:41367
    at Object.u [as task] (https://cdn.acsi.eu/_next/static/chunks/1684-21e86d4c0821dce9.js:1:127412)
    at c.s (https://cdn.acsi.eu/_next/static/chunks/1684-21e86d4c0821dce9.js:1:128117)
    at c.enqueue (https://cdn.acsi.eu/_next/static/chunks/1684-21e86d4c0821dce9.js:1:127542)
    at s (https://cdn.acsi.eu/_next/static/chunks/1684-21e86d4c0821dce9.js:1:41330)
    at i (https://cdn.acsi.eu/_next/static/chunks/1684-21e86d4c0821dce9.js:1:40846)
    at l (https://cdn.acsi.eu/_next/static/chunks/1684-21e86d4c0821dce9.js:1:143284)
    at Object.prefetch (https://cdn.acsi.eu/_next/static/chunks/1684-21e86d4c0821dce9.js:1:9818)
    at https://cdn.acsi.eu/_next/static/chunks/1684-21e86d4c0821dce9.js:1:28720
    at O (https://cdn.acsi.eu/_next/static/chunks/1684-21e86d4c0821dce9.js:1:28759)
    at m (https://cdn.acsi.eu/_next/static/chunks/1684-21e86d4c0821dce9.js:1:28501)
    at IntersectionObserver.rootMargin (https://cdn.acsi.eu/_next/static/chunks/1684-21e86d4c0821dce9.js:1:27420) @ https://cdn.acsi.eu/_next/static/chunks/1684-21e86d4c0821dce9.js:0
[    5386ms] [ERROR] Mixed Content: The page at 'https://www.eurocampings.nl/campsite/search/q/place:177861/' was loaded over HTTPS, but requested an insecure resource 'http://www.eurocampings.nl/kroatie/?_rsc=i1ube'. This request has been blocked; the content must be served over HTTPS. @ https://www.eurocampings.nl/campsite/search/q/place:177861/:0
[    5386ms] [ERROR] Failed to fetch RSC payload for https://www.eurocampings.nl/kroatie. Falling back to browser navigation. TypeError: Failed to fetch
    at y (https://cdn.acsi.eu/_next/static/chunks/1684-21e86d4c0821dce9.js:1:142389)
    at h (https://cdn.acsi.eu/_next/static/chunks/1684-21e86d4c0821dce9.js:1:141312)
    at https://cdn.acsi.eu/_next/static/chunks/1684-21e86d4c0821dce9.js:1:41367
    at Object.u [as task] (https://cdn.acsi.eu/_next/static/chunks/1684-21e86d4c0821dce9.js:1:127412)
    at c.s (https://cdn.acsi.eu/_next/static/chunks/1684-21e86d4c0821dce9.js:1:128117)
    at c.enqueue (https://cdn.acsi.eu/_next/static/chunks/1684-21e86d4c0821dce9.js:1:127542)
    at s (https://cdn.acsi.eu/_next/static/chunks/1684-21e86d4c0821dce9.js:1:41330)
    at i (https://cdn.acsi.eu/_next/static/chunks/1684-21e86d4c0821dce9.js:1:40846)
    at l (https://cdn.acsi.eu/_next/static/chunks/1684-21e86d4c0821dce9.js:1:143284)
    at Object.prefetch (https://cdn.acsi.eu/_next/static/chunks/1684-21e86d4c0821dce9.js:1:9818)
    at https://cdn.acsi.eu/_next/static/chunks/1684-21e86d4c0821dce9.js:1:28720
    at O (https://cdn.acsi.eu/_next/static/chunks/1684-21e86d4c0821dce9.js:1:28759)
    at m (https://cdn.acsi.eu/_next/static/chunks/1684-21e86d4c0821dce9.js:1:28501)
    at IntersectionObserver.rootMargin (https://cdn.acsi.eu/_next/static/chunks/1684-21e86d4c0821dce9.js:1:27420) @ https://cdn.acsi.eu/_next/static/chunks/1684-21e86d4c0821dce9.js:0
[    5543ms] [ERROR] Mixed Content: The page at 'https://www.eurocampings.nl/campsite/search/q/place:177861/' was loaded over HTTPS, but requested an insecure resource 'http://www.eurocampings.nl/griekenland/?_rsc=i1ube'. This request has been blocked; the content must be served over HTTPS. @ https://www.eurocampings.nl/campsite/search/q/place:177861/:0
[    5543ms] [ERROR] Failed to fetch RSC payload for https://www.eurocampings.nl/griekenland. Falling back to browser navigation. TypeError: Failed to fetch
    at y (https://cdn.acsi.eu/_next/static/chunks/1684-21e86d4c0821dce9.js:1:142389)
    at h (https://cdn.acsi.eu/_next/static/chunks/1684-21e86d4c0821dce9.js:1:141312)
    at https://cdn.acsi.eu/_next/static/chunks/1684-21e86d4c0821dce9.js:1:41367
    at Object.u [as task] (https://cdn.acsi.eu/_next/static/chunks/1684-21e86d4c0821dce9.js:1:127412)
    at c.s (https://cdn.acsi.eu/_next/static/chunks/1684-21e86d4c0821dce9.js:1:128117)
    at Object.u [as task] (https://cdn.acsi.eu/_next/static/chunks/1684-21e86d4c0821dce9.js:1:127474) @ https://cdn.acsi.eu/_next/static/chunks/1684-21e86d4c0821dce9.js:0
[    5544ms] [ERROR] Mixed Content: The page at 'https://www.eurocampings.nl/campsite/search/q/place:177861/' was loaded over HTTPS, but requested an insecure resource 'http://www.eurocampings.nl/duitsland/?_rsc=i1ube'. This request has been blocked; the content must be served over HTTPS. @ https://www.eurocampings.nl/campsite/search/q/place:177861/:0
[    5544ms] [ERROR] Failed to fetch RSC payload for https://www.eurocampings.nl/duitsland. Falling back to browser navigation. TypeError: Failed to fetch
    at y (https://cdn.acsi.eu/_next/static/chunks/1684-21e86d4c0821dce9.js:1:142389)
    at h (https://cdn.acsi.eu/_next/static/chunks/1684-21e86d4c0821dce9.js:1:141312)
    at https://cdn.acsi.eu/_next/static/chunks/1684-21e86d4c0821dce9.js:1:41367
    at Object.u [as task] (https://cdn.acsi.eu/_next/static/chunks/1684-21e86d4c0821dce9.js:1:127412)
    at c.s (https://cdn.acsi.eu/_next/static/chunks/1684-21e86d4c0821dce9.js:1:128117)
    at Object.u [as task] (https://cdn.acsi.eu/_next/static/chunks/1684-21e86d4c0821dce9.js:1:127474) @ https://cdn.acsi.eu/_next/static/chunks/1684-21e86d4c0821dce9.js:0
[    5581ms] [ERROR] Mixed Content: The page at 'https://www.eurocampings.nl/campsite/search/q/place:177861/' was loaded over HTTPS, but requested an insecure resource 'http://www.eurocampings.nl/luxemburg/?_rsc=i1ube'. This request has been blocked; the content must be served over HTTPS. @ https://www.eurocampings.nl/campsite/search/q/place:177861/:0
[    5582ms] [ERROR] Failed to fetch RSC payload for https://www.eurocampings.nl/luxemburg. Falling back to browser navigation. TypeError: Failed to fetch
    at y (https://cdn.acsi.eu/_next/static/chunks/1684-21e86d4c0821dce9.js:1:142389)
    at h (https://cdn.acsi.eu/_next/static/chunks/1684-21e86d4c0821dce9.js:1:141312)
    at https://cdn.acsi.eu/_next/static/chunks/1684-21e86d4c0821dce9.js:1:41367
    at Object.u [as task] (https://cdn.acsi.eu/_next/static/chunks/1684-21e86d4c0821dce9.js:1:127412)
    at c.s (https://cdn.acsi.eu/_next/static/chunks/1684-21e86d4c0821dce9.js:1:128117)
    at Object.u [as task] (https://cdn.acsi.eu/_next/static/chunks/1684-21e86d4c0821dce9.js:1:127474) @ https://cdn.acsi.eu/_next/static/chunks/1684-21e86d4c0821dce9.js:0
[    6246ms] [WARNING] [Meta Pixel] - Missing event name. Track events must be logged with an event name fbq("track", eventName) @ https://connect.facebook.net/en_US/fbevents.js:175
[    7414ms] [ERROR] Access to XMLHttpRequest at 'https://endpoints-dot-acsi-prod.appspot.com/_ah/api/acsiGoogleCloudServicesApi/v1/getIndexedBookingProfile/GA1.1.1245344114.1773769524?key=AIzaSyDS7zsBJFrwg_xisOGYTfp2qBpHA8vO5_Y' from origin 'https://www.eurocampings.nl' has been blocked by CORS policy: No 'Access-Control-Allow-Origin' header is present on the requested resource. @ https://www.eurocampings.nl/search/specific/?query=Camping%20de%20la%20Rivi%C3%A8re%20de%20Prats%2044.82%200.06:0
[    7415ms] [ERROR] Failed to load resource: net::ERR_FAILED @ https://endpoints-dot-acsi-prod.appspot.com/_ah/api/acsiGoogleCloudServicesApi/v1/getIndexedBookingProfile/GA1.1.1245344114.1773769524?key=AIzaSyDS7zsBJFrwg_xisOGYTfp2qBpHA8vO5_Y:0
[    7525ms] [WARNING] Allow attribute will take precedence over 'allowfullscreen'. @ https://talkdeskchatsdk.talkdeskapp.com/v2/talkdeskchatsdk.js:0
[    8204ms] [WARNING] [Meta Pixel] - Missing event name. Track events must be logged with an event name fbq("track", eventName) @ https://www.eurocampings.nl/search/specific/?query=Camping%20de%20la%20Rivi%C3%A8re%20de%20Prats%2044.82%200.06:15
[   18354ms] [ERROR] Mixed Content: The page at 'https://www.eurocampings.nl/campsite/search/q/place:177861/' was loaded over HTTPS, but requested an insecure resource 'http://www.eurocampings.nl/spanje/?_rsc=i1ube'. This request has been blocked; the content must be served over HTTPS. @ https://www.eurocampings.nl/campsite/search/q/place:177861/:0
[   18354ms] [ERROR] Failed to fetch RSC payload for https://www.eurocampings.nl/spanje. Falling back to browser navigation. TypeError: Failed to fetch
    at y (https://cdn.acsi.eu/_next/static/chunks/1684-21e86d4c0821dce9.js:1:142389)
    at h (https://cdn.acsi.eu/_next/static/chunks/1684-21e86d4c0821dce9.js:1:141312)
    at https://cdn.acsi.eu/_next/static/chunks/1684-21e86d4c0821dce9.js:1:41367
    at Object.u [as task] (https://cdn.acsi.eu/_next/static/chunks/1684-21e86d4c0821dce9.js:1:127412)
    at c.s (https://cdn.acsi.eu/_next/static/chunks/1684-21e86d4c0821dce9.js:1:128117)
    at c.enqueue (https://cdn.acsi.eu/_next/static/chunks/1684-21e86d4c0821dce9.js:1:127542)
    at s (https://cdn.acsi.eu/_next/static/chunks/1684-21e86d4c0821dce9.js:1:41330)
    at i (https://cdn.acsi.eu/_next/static/chunks/1684-21e86d4c0821dce9.js:1:40846)
    at l (https://cdn.acsi.eu/_next/static/chunks/1684-21e86d4c0821dce9.js:1:143284)
    at Object.prefetch (https://cdn.acsi.eu/_next/static/chunks/1684-21e86d4c0821dce9.js:1:9818)
    at https://cdn.acsi.eu/_next/static/chunks/1684-21e86d4c0821dce9.js:1:28720
    at O (https://cdn.acsi.eu/_next/static/chunks/1684-21e86d4c0821dce9.js:1:28759)
    at m (https://cdn.acsi.eu/_next/static/chunks/1684-21e86d4c0821dce9.js:1:28501)
    at IntersectionObserver.rootMargin (https://cdn.acsi.eu/_next/static/chunks/1684-21e86d4c0821dce9.js:1:27420) @ https://cdn.acsi.eu/_next/static/chunks/1684-21e86d4c0821dce9.js:0
[   18356ms] [ERROR] Mixed Content: The page at 'https://www.eurocampings.nl/campsite/search/q/place:177861/' was loaded over HTTPS, but requested an insecure resource 'http://www.eurocampings.nl/frankrijk/?_rsc=i1ube'. This request has been blocked; the content must be served over HTTPS. @ https://www.eurocampings.nl/campsite/search/q/place:177861/:0
[   18356ms] [ERROR] Failed to fetch RSC payload for https://www.eurocampings.nl/frankrijk. Falling back to browser navigation. TypeError: Failed to fetch
    at y (https://cdn.acsi.eu/_next/static/chunks/1684-21e86d4c0821dce9.js:1:142389)
    at h (https://cdn.acsi.eu/_next/static/chunks/1684-21e86d4c0821dce9.js:1:141312)
    at https://cdn.acsi.eu/_next/static/chunks/1684-21e86d4c0821dce9.js:1:41367
    at Object.u [as task] (https://cdn.acsi.eu/_next/static/chunks/1684-21e86d4c0821dce9.js:1:127412)
    at c.s (https://cdn.acsi.eu/_next/static/chunks/1684-21e86d4c0821dce9.js:1:128117)
    at c.enqueue (https://cdn.acsi.eu/_next/static/chunks/1684-21e86d4c0821dce9.js:1:127542)
    at s (https://cdn.acsi.eu/_next/static/chunks/1684-21e86d4c0821dce9.js:1:41330)
    at i (https://cdn.acsi.eu/_next/static/chunks/1684-21e86d4c0821dce9.js:1:40846)
    at l (https://cdn.acsi.eu/_next/static/chunks/1684-21e86d4c0821dce9.js:1:143284)
    at Object.prefetch (https://cdn.acsi.eu/_next/static/chunks/1684-21e86d4c0821dce9.js:1:9818)
    at https://cdn.acsi.eu/_next/static/chunks/1684-21e86d4c0821dce9.js:1:28720
    at O (https://cdn.acsi.eu/_next/static/chunks/1684-21e86d4c0821dce9.js:1:28759)
    at m (https://cdn.acsi.eu/_next/static/chunks/1684-21e86d4c0821dce9.js:1:28501)
    at IntersectionObserver.rootMargin (https://cdn.acsi.eu/_next/static/chunks/1684-21e86d4c0821dce9.js:1:27420) @ https://cdn.acsi.eu/_next/static/chunks/1684-21e86d4c0821dce9.js:0
[   18357ms] [ERROR] Mixed Content: The page at 'https://www.eurocampings.nl/campsite/search/q/place:177861/' was loaded over HTTPS, but requested an insecure resource 'http://www.eurocampings.nl/portugal/?_rsc=i1ube'. This request has been blocked; the content must be served over HTTPS. @ https://www.eurocampings.nl/campsite/search/q/place:177861/:0
[   18357ms] [ERROR] Failed to fetch RSC payload for https://www.eurocampings.nl/portugal. Falling back to browser navigation. TypeError: Failed to fetch
    at y (https://cdn.acsi.eu/_next/static/chunks/1684-21e86d4c0821dce9.js:1:142389)
    at h (https://cdn.acsi.eu/_next/static/chunks/1684-21e86d4c0821dce9.js:1:141312)
    at https://cdn.acsi.eu/_next/static/chunks/1684-21e86d4c0821dce9.js:1:41367
    at Object.u [as task] (https://cdn.acsi.eu/_next/static/chunks/1684-21e86d4c0821dce9.js:1:127412)
    at c.s (https://cdn.acsi.eu/_next/static/chunks/1684-21e86d4c0821dce9.js:1:128117)
    at c.enqueue (https://cdn.acsi.eu/_next/static/chunks/1684-21e86d4c0821dce9.js:1:127542)
    at s (https://cdn.acsi.eu/_next/static/chunks/1684-21e86d4c0821dce9.js:1:41330)
    at i (https://cdn.acsi.eu/_next/static/chunks/1684-21e86d4c0821dce9.js:1:40846)
    at l (https://cdn.acsi.eu/_next/static/chunks/1684-21e86d4c0821dce9.js:1:143284)
    at Object.prefetch (https://cdn.acsi.eu/_next/static/chunks/1684-21e86d4c0821dce9.js:1:9818)
    at https://cdn.acsi.eu/_next/static/chunks/1684-21e86d4c0821dce9.js:1:28720
    at O (https://cdn.acsi.eu/_next/static/chunks/1684-21e86d4c0821dce9.js:1:28759)
    at m (https://cdn.acsi.eu/_next/static/chunks/1684-21e86d4c0821dce9.js:1:28501)
    at IntersectionObserver.rootMargin (https://cdn.acsi.eu/_next/static/chunks/1684-21e86d4c0821dce9.js:1:27420) @ https://cdn.acsi.eu/_next/static/chunks/1684-21e86d4c0821dce9.js:0
[   18358ms] [ERROR] Mixed Content: The page at 'https://www.eurocampings.nl/campsite/search/q/place:177861/' was loaded over HTTPS, but requested an insecure resource 'http://www.eurocampings.nl/italie/?_rsc=i1ube'. This request has been blocked; the content must be served over HTTPS. @ https://www.eurocampings.nl/campsite/search/q/place:177861/:0
[   18359ms] [ERROR] Failed to fetch RSC payload for https://www.eurocampings.nl/italie. Falling back to browser navigation. TypeError: Failed to fetch
    at y (https://cdn.acsi.eu/_next/static/chunks/1684-21e86d4c0821dce9.js:1:142389)
    at h (https://cdn.acsi.eu/_next/static/chunks/1684-21e86d4c0821dce9.js:1:141312)
    at https://cdn.acsi.eu/_next/static/chunks/1684-21e86d4c0821dce9.js:1:41367
    at Object.u [as task] (https://cdn.acsi.eu/_next/static/chunks/1684-21e86d4c0821dce9.js:1:127412)
    at c.s (https://cdn.acsi.eu/_next/static/chunks/1684-21e86d4c0821dce9.js:1:128117)
    at c.enqueue (https://cdn.acsi.eu/_next/static/chunks/1684-21e86d4c0821dce9.js:1:127542)
    at s (https://cdn.acsi.eu/_next/static/chunks/1684-21e86d4c0821dce9.js:1:41330)
    at i (https://cdn.acsi.eu/_next/static/chunks/1684-21e86d4c0821dce9.js:1:40846)
    at l (https://cdn.acsi.eu/_next/static/chunks/1684-21e86d4c0821dce9.js:1:143284)
    at Object.prefetch (https://cdn.acsi.eu/_next/static/chunks/1684-21e86d4c0821dce9.js:1:9818)
    at https://cdn.acsi.eu/_next/static/chunks/1684-21e86d4c0821dce9.js:1:28720
    at O (https://cdn.acsi.eu/_next/static/chunks/1684-21e86d4c0821dce9.js:1:28759)
    at m (https://cdn.acsi.eu/_next/static/chunks/1684-21e86d4c0821dce9.js:1:28501)
    at IntersectionObserver.rootMargin (https://cdn.acsi.eu/_next/static/chunks/1684-21e86d4c0821dce9.js:1:27420) @ https://cdn.acsi.eu/_next/static/chunks/1684-21e86d4c0821dce9.js:0
[   18359ms] [ERROR] Mixed Content: The page at 'https://www.eurocampings.nl/campsite/search/q/place:177861/' was loaded over HTTPS, but requested an insecure resource 'http://www.eurocampings.nl/kroatie/?_rsc=i1ube'. This request has been blocked; the content must be served over HTTPS. @ https://www.eurocampings.nl/campsite/search/q/place:177861/:0
[   18360ms] [ERROR] Failed to fetch RSC payload for https://www.eurocampings.nl/kroatie. Falling back to browser navigation. TypeError: Failed to fetch
    at y (https://cdn.acsi.eu/_next/static/chunks/1684-21e86d4c0821dce9.js:1:142389)
    at h (https://cdn.acsi.eu/_next/static/chunks/1684-21e86d4c0821dce9.js:1:141312)
    at https://cdn.acsi.eu/_next/static/chunks/1684-21e86d4c0821dce9.js:1:41367
    at Object.u [as task] (https://cdn.acsi.eu/_next/static/chunks/1684-21e86d4c0821dce9.js:1:127412)
    at c.s (https://cdn.acsi.eu/_next/static/chunks/1684-21e86d4c0821dce9.js:1:128117)
    at c.enqueue (https://cdn.acsi.eu/_next/static/chunks/1684-21e86d4c0821dce9.js:1:127542)
    at s (https://cdn.acsi.eu/_next/static/chunks/1684-21e86d4c0821dce9.js:1:41330)
    at i (https://cdn.acsi.eu/_next/static/chunks/1684-21e86d4c0821dce9.js:1:40846)
    at l (https://cdn.acsi.eu/_next/static/chunks/1684-21e86d4c0821dce9.js:1:143284)
    at Object.prefetch (https://cdn.acsi.eu/_next/static/chunks/1684-21e86d4c0821dce9.js:1:9818)
    at https://cdn.acsi.eu/_next/static/chunks/1684-21e86d4c0821dce9.js:1:28720
    at O (https://cdn.acsi.eu/_next/static/chunks/1684-21e86d4c0821dce9.js:1:28759)
    at m (https://cdn.acsi.eu/_next/static/chunks/1684-21e86d4c0821dce9.js:1:28501)
    at IntersectionObserver.rootMargin (https://cdn.acsi.eu/_next/static/chunks/1684-21e86d4c0821dce9.js:1:27420) @ https://cdn.acsi.eu/_next/static/chunks/1684-21e86d4c0821dce9.js:0
[   18370ms] [ERROR] Mixed Content: The page at 'https://www.eurocampings.nl/campsite/search/q/place:177861/' was loaded over HTTPS, but requested an insecure resource 'http://www.eurocampings.nl/griekenland/?_rsc=i1ube'. This request has been blocked; the content must be served over HTTPS. @ https://www.eurocampings.nl/campsite/search/q/place:177861/:0
[   18370ms] [ERROR] Failed to fetch RSC payload for https://www.eurocampings.nl/griekenland. Falling back to browser navigation. TypeError: Failed to fetch
    at y (https://cdn.acsi.eu/_next/static/chunks/1684-21e86d4c0821dce9.js:1:142389)
    at h (https://cdn.acsi.eu/_next/static/chunks/1684-21e86d4c0821dce9.js:1:141312)
    at https://cdn.acsi.eu/_next/static/chunks/1684-21e86d4c0821dce9.js:1:41367
    at Object.u [as task] (https://cdn.acsi.eu/_next/static/chunks/1684-21e86d4c0821dce9.js:1:127412)
    at c.s (https://cdn.acsi.eu/_next/static/chunks/1684-21e86d4c0821dce9.js:1:128117)
    at Object.u [as task] (https://cdn.acsi.eu/_next/static/chunks/1684-21e86d4c0821dce9.js:1:127474) @ https://cdn.acsi.eu/_next/static/chunks/1684-21e86d4c0821dce9.js:0
[   18371ms] [ERROR] Mixed Content: The page at 'https://www.eurocampings.nl/campsite/search/q/place:177861/' was loaded over HTTPS, but requested an insecure resource 'http://www.eurocampings.nl/duitsland/?_rsc=i1ube'. This request has been blocked; the content must be served over HTTPS. @ https://www.eurocampings.nl/campsite/search/q/place:177861/:0
[   18371ms] [ERROR] Failed to fetch RSC payload for https://www.eurocampings.nl/duitsland. Falling back to browser navigation. TypeError: Failed to fetch
    at y (https://cdn.acsi.eu/_next/static/chunks/1684-21e86d4c0821dce9.js:1:142389)
    at h (https://cdn.acsi.eu/_next/static/chunks/1684-21e86d4c0821dce9.js:1:141312)
    at https://cdn.acsi.eu/_next/static/chunks/1684-21e86d4c0821dce9.js:1:41367
    at Object.u [as task] (https://cdn.acsi.eu/_next/static/chunks/1684-21e86d4c0821dce9.js:1:127412)
    at c.s (https://cdn.acsi.eu/_next/static/chunks/1684-21e86d4c0821dce9.js:1:128117)
    at Object.u [as task] (https://cdn.acsi.eu/_next/static/chunks/1684-21e86d4c0821dce9.js:1:127474) @ https://cdn.acsi.eu/_next/static/chunks/1684-21e86d4c0821dce9.js:0
[   18372ms] [ERROR] Mixed Content: The page at 'https://www.eurocampings.nl/campsite/search/q/place:177861/' was loaded over HTTPS, but requested an insecure resource 'http://www.eurocampings.nl/luxemburg/?_rsc=i1ube'. This request has been blocked; the content must be served over HTTPS. @ https://www.eurocampings.nl/campsite/search/q/place:177861/:0
[   18373ms] [ERROR] Failed to fetch RSC payload for https://www.eurocampings.nl/luxemburg. Falling back to browser navigation. TypeError: Failed to fetch
    at y (https://cdn.acsi.eu/_next/static/chunks/1684-21e86d4c0821dce9.js:1:142389)
    at h (https://cdn.acsi.eu/_next/static/chunks/1684-21e86d4c0821dce9.js:1:141312)
    at https://cdn.acsi.eu/_next/static/chunks/1684-21e86d4c0821dce9.js:1:41367
    at Object.u [as task] (https://cdn.acsi.eu/_next/static/chunks/1684-21e86d4c0821dce9.js:1:127412)
    at c.s (https://cdn.acsi.eu/_next/static/chunks/1684-21e86d4c0821dce9.js:1:128117)
    at Object.u [as task] (https://cdn.acsi.eu/_next/static/chunks/1684-21e86d4c0821dce9.js:1:127474) @ https://cdn.acsi.eu/_next/static/chunks/1684-21e86d4c0821dce9.js:0
[   18675ms] [WARNING] [Meta Pixel] - Missing event name. Track events must be logged with an event name fbq("track", eventName) @ https://connect.facebook.net/en_US/fbevents.js:175
